<?xml version="1.0" encoding="UTF-8"?>
<testng-results ignored="0" total="4" passed="4" failed="0" skipped="0">
  <reporter-output>
  </reporter-output>
  <suite started-at="2024-06-12T15:18:04 IST" name="Suite" finished-at="2024-06-12T15:18:04 IST" duration-ms="54">
    <groups>
    </groups>
    <test started-at="2024-06-12T15:18:04 IST" name="Test" finished-at="2024-06-12T15:18:04 IST" duration-ms="54">
      <class name="package2.OrgTest">
        <test-method signature="createorgTest()[pri:0, instance:package2.OrgTest@2b6856dd]" started-at="2024-06-12T15:18:04 IST" name="createorgTest" finished-at="2024-06-12T15:18:04 IST" duration-ms="5" status="PASS">
          <reporter-output>
          </reporter-output>
        </test-method> <!-- createorgTest -->
        <test-method signature="modifyorgTest()[pri:0, instance:package2.OrgTest@2b6856dd]" started-at="2024-06-12T15:18:04 IST" name="modifyorgTest" finished-at="2024-06-12T15:18:04 IST" duration-ms="1" status="PASS">
          <reporter-output>
          </reporter-output>
        </test-method> <!-- modifyorgTest -->
      </class> <!-- package2.OrgTest -->
      <class name="package1.ContactTest">
        <test-method signature="createContactTest()[pri:0, instance:package1.ContactTest@60611244]" started-at="2024-06-12T15:18:04 IST" name="createContactTest" finished-at="2024-06-12T15:18:04 IST" duration-ms="1" status="PASS">
          <reporter-output>
          </reporter-output>
        </test-method> <!-- createContactTest -->
        <test-method signature="modifyContactTest()[pri:0, instance:package1.ContactTest@60611244]" started-at="2024-06-12T15:18:04 IST" name="modifyContactTest" finished-at="2024-06-12T15:18:04 IST" duration-ms="1" status="PASS">
          <reporter-output>
          </reporter-output>
        </test-method> <!-- modifyContactTest -->
      </class> <!-- package1.ContactTest -->
    </test> <!-- Test -->
  </suite> <!-- Suite -->
</testng-results>
