<?xml version="1.0" encoding="UTF-8"?>
<!-- Generated by org.testng.reporters.JUnitXMLReporter -->
<testsuite ignored="0" hostname="DESKTOP-10OOLCR" failures="0" tests="4" name="Test" time="0.054" errors="0" timestamp="2024-06-12T15:18:04 IST">
  <testcase classname="package2.OrgTest" name="createorgTest" time="0.005"/>
  <testcase classname="package2.OrgTest" name="modifyorgTest" time="0.001"/>
  <testcase classname="package1.ContactTest" name="createContactTest" time="0.001"/>
  <testcase classname="package1.ContactTest" name="modifyContactTest" time="0.001"/>
</testsuite> <!-- Test -->
