<?xml version="1.0" encoding="UTF-8"?>
<!-- Generated by org.testng.reporters.JUnitXMLReporter -->
<testsuite ignored="3" hostname="DESKTOP-10OOLCR" failures="0" tests="0" time="0.01" errors="0" timestamp="2024-06-06T11:01:33 IST">
  <testcase classname="com.comcast.crm.concactTest.CreateContactTest" name="createContactTest" time="0.0">
    <ignored/>
  </testcase> <!-- createContactTest -->
  <testcase classname="com.comcast.crm.concactTest.CreateContactTest" name="createContactWithSupportDateTest" time="0.0">
    <ignored/>
  </testcase> <!-- createContactWithSupportDateTest -->
  <testcase classname="com.comcast.crm.concactTest.CreateContactTest" name="createContactWithorgTest" time="0.0">
    <ignored/>
  </testcase> <!-- createContactWithorgTest -->
</testsuite>
